This is pdfTeX, Version 3.141592-1.40.3 (MiKTeX 2.6) (preloaded format=latex 2007.5.29)  18 JUN 2007 19:21
entering extended mode
**C:/Documents*and*Settings/Matt/Desktop/loopnoise_now/Optickle/Docs/abbrev.tex

("C:\Documents and Settings\Matt\Desktop\loopnoise_now\Optickle\Docs\abbrev.tex
"
LaTeX2e <2005/12/01>
Babel <v3.8g> and hyphenation patterns for english, dumylang, nohyphenation, ge
rman, ngerman, french, loaded.
)
*
! Emergency stop.
<*> ...ktop/loopnoise_now/Optickle/Docs/abbrev.tex
                                                  
End of file on the terminal!

 
Here is how much of TeX's memory you used:
 69 strings out of 95306
 546 string characters out of 1185183
 44877 words of memory out of 1048577
 3347 multiletter control sequences out of 60000
 3640 words of font info for 14 fonts, out of 1000000 for 2000
 14 hyphenation exceptions out of 8191
 8i,0n,6p,148b,8s stack positions out of 5000i,500n,10000p,200000b,32768s
No pages of output.
