\BOOKMARK [1][-]{section.1}{Introduction}{}% 1
\BOOKMARK [1][-]{section.2}{Example System}{}% 2
\BOOKMARK [1][-]{section.3}{DC Fields}{}% 3
\BOOKMARK [1][-]{section.4}{AC Fields}{}% 4
\BOOKMARK [2][-]{subsection.4.1}{General AC Considerations}{section.4}% 5
\BOOKMARK [2][-]{subsection.4.2}{Field to Field Transfer Matrix}{section.4}% 6
\BOOKMARK [2][-]{subsection.4.3}{Optic to Field Transfer Matrix}{section.4}% 7
\BOOKMARK [2][-]{subsection.4.4}{Field to Optic Transfer Matrix}{section.4}% 8
\BOOKMARK [2][-]{subsection.4.5}{Optic to Optic Transfer Matrix}{section.4}% 9
\BOOKMARK [2][-]{subsection.4.6}{AC Matrix Inversion}{section.4}% 10
\BOOKMARK [1][-]{section.5}{Signal Production}{}% 11
\BOOKMARK [2][-]{subsection.5.1}{DC Signals}{section.5}% 12
\BOOKMARK [2][-]{subsection.5.2}{AC Signals}{section.5}% 13
\BOOKMARK [1][-]{section.6}{Quantum Noise}{}% 14
\BOOKMARK [1][-]{section.7}{Angular Transfer Functions}{}% 15
\BOOKMARK [2][-]{subsection.7.1}{Coupling to 01/10 modes as a function of angle of incidence}{section.7}% 16
\BOOKMARK [3][-]{subsubsection.7.1.1}{Mirror yaw}{subsection.7.1}% 17
\BOOKMARK [3][-]{subsubsection.7.1.2}{Mirror pitch}{subsection.7.1}% 18
\BOOKMARK [2][-]{subsection.7.2}{Linear expansion and derivatives}{section.7}% 19
\BOOKMARK [2][-]{subsection.7.3}{What does tickle10/01 do with components which are not mirrors/beamsplitters?}{section.7}% 20
